== application started at Feb 14 2019 22:41:53
OTClient 0.6.3 rev 0 (devel) built on Feb 14 2019 for arch x86
Loaded module 'corelib'
Loaded module 'game_things'
/gamelib/
Loaded module 'gamelib'
Loaded module 'client'
Loaded module 'client_styles'
Locale 'pl' is missing 1 translations.
["Total Price:"] = "",
Locale 'pt' is missing 19 translations.
["Account Status:"] = "",
["Action:"] = "",
["Amount:"] = "",
["Balance:"] = "",
["Comment:"] = "",
["Don't stretch/shrink Game Window"] = "",
["Find:"] = "",
["Name:"] = "",
["Offer Type:"] = "",
["Piece Price:"] = "",
["Position:"] = "",
["Price:"] = "",
["Reason:"] = "",
["Search:"] = "",
["Statement:"] = "",
["Total Price:"] = "",
["Weight:"] = "",
["Your Capacity:"] = "",
["Your Money:"] = "",
Using configured locale: en
Loaded module 'client_locales'
Loaded module 'client_topmenu'
Loaded module 'client_background'
Loaded module 'client_options'
ERROR: protected lua call failed: LUA ERROR:
/client_entergame/entergame.otui:95: [@onSetup]:2: attempt to call field 'getSupportedProtocols' (a nil value)
stack traceback:
	[C]: in function 'getSupportedProtocols'
	/client_entergame/entergame.otui:95: [@onSetup]:2: in function </client_entergame/entergame.otui:95: [@onSetup]:1>
	[C]: in function 'displayUI'
	/client_entergame/entergame.lua:97: in function 'init'
	/client_entergame/entergame.otmod:10:[@onLoad]:3: in main chunk
	[C]: in function 'ensureModuleLoaded'
	/init.lua:42: in main chunk
Loaded module 'client_entergame'
Loaded module 'client_terminal'
Loaded module 'client_modulemanager'
Loaded module 'client_serverlist'
Loaded module 'client_stats'
Loaded module 'game_interface'
Loaded module 'game_hotkeys'
Loaded module 'game_questlog'
Loaded module 'game_textmessage'
Loaded module 'game_console'
Loaded module 'game_outfit'
Loaded module 'game_healthinfo'
Loaded module 'game_skills'
Loaded module 'game_inventory'
Loaded module 'game_combatcontrols'
Loaded module 'game_containers'
Loaded module 'game_viplist'
Loaded module 'game_battle'
Loaded module 'game_minimap'
Loaded module 'game_npctrade'
Loaded module 'game_textwindow'
Loaded module 'game_playertrade'
Loaded module 'game_bugreport'
Loaded module 'game_playerdeath'
Loaded module 'game_playermount'
Loaded module 'game_ruleviolation'
Loaded module 'game_market'
Loaded module 'game_spelllist'
Loaded module 'game_cooldown'
Loaded module 'game_modaldialog'
Loaded module 'addon_server'
Loaded module 'spacebar_attack'
Startup done :]
ERROR: Failed to read dat '/things/1099/Tibia.dat': unable to open file '/things/1099/Tibia.dat': O sistema não pode encontrar o caminho especificado.'
ERROR: Failed to load sprites from '/things/1099/Tibia.spr': unable to open file '/things/1099/Tibia.spr': O sistema não pode encontrar o caminho especificado.
ERROR: Failed to read dat '/things/1099/Tibia.dat': unable to open file '/things/1099/Tibia.dat': O sistema não pode encontrar o caminho especificado.'
ERROR: Failed to load sprites from '/things/1099/Tibia.spr': unable to open file '/things/1099/Tibia.spr': O sistema não pode encontrar o caminho especificado.
Exiting application..
ERROR: Unable to unload module 'client_modulemanager': LUA ERROR:
/client_modulemanager/modulemanager.lua:26: attempt to index upvalue 'moduleManagerButton' (a nil value)
stack traceback:
	[C]: in function '__index'
	/client_modulemanager/modulemanager.lua:26: in function 'terminate'
	/client_modulemanager/modulemanager.otmod:10:[@onUnload]:1: in main chunk
== application started at Feb 14 2019 22:42:31
OTClient 0.6.3 rev 0 (devel) built on Feb 14 2019 for arch x86
Loaded module 'corelib'
Loaded module 'game_things'
/gamelib/
Loaded module 'gamelib'
Loaded module 'client'
Loaded module 'client_styles'
Locale 'pl' is missing 1 translations.
["Total Price:"] = "",
Locale 'pt' is missing 19 translations.
["Account Status:"] = "",
["Action:"] = "",
["Amount:"] = "",
["Balance:"] = "",
["Comment:"] = "",
["Don't stretch/shrink Game Window"] = "",
["Find:"] = "",
["Name:"] = "",
["Offer Type:"] = "",
["Piece Price:"] = "",
["Position:"] = "",
["Price:"] = "",
["Reason:"] = "",
["Search:"] = "",
["Statement:"] = "",
["Total Price:"] = "",
["Weight:"] = "",
["Your Capacity:"] = "",
["Your Money:"] = "",
Using configured locale: en
Loaded module 'client_locales'
Loaded module 'client_topmenu'
Loaded module 'client_background'
Loaded module 'client_options'
ERROR: protected lua call failed: LUA ERROR:
/client_entergame/entergame.otui:95: [@onSetup]:2: attempt to call field 'getSupportedProtocols' (a nil value)
stack traceback:
	[C]: in function 'getSupportedProtocols'
	/client_entergame/entergame.otui:95: [@onSetup]:2: in function </client_entergame/entergame.otui:95: [@onSetup]:1>
	[C]: in function 'displayUI'
	/client_entergame/entergame.lua:97: in function 'init'
	/client_entergame/entergame.otmod:10:[@onLoad]:3: in main chunk
	[C]: in function 'ensureModuleLoaded'
	/init.lua:42: in main chunk
Loaded module 'client_entergame'
Loaded module 'client_terminal'
Loaded module 'client_modulemanager'
Loaded module 'client_serverlist'
Loaded module 'client_stats'
Loaded module 'game_interface'
Loaded module 'game_hotkeys'
Loaded module 'game_questlog'
Loaded module 'game_textmessage'
Loaded module 'game_console'
Loaded module 'game_outfit'
Loaded module 'game_healthinfo'
Loaded module 'game_skills'
Loaded module 'game_inventory'
Loaded module 'game_combatcontrols'
Loaded module 'game_containers'
Loaded module 'game_viplist'
Loaded module 'game_battle'
Loaded module 'game_minimap'
Loaded module 'game_npctrade'
Loaded module 'game_textwindow'
Loaded module 'game_playertrade'
Loaded module 'game_bugreport'
Loaded module 'game_playerdeath'
Loaded module 'game_playermount'
Loaded module 'game_ruleviolation'
Loaded module 'game_market'
Loaded module 'game_spelllist'
Loaded module 'game_cooldown'
Loaded module 'game_modaldialog'
Loaded module 'addon_server'
Loaded module 'spacebar_attack'
Startup done :]
ERROR: Failed to read dat '/things/1099/Tibia.dat': unable to open file '/things/1099/Tibia.dat': O sistema não pode encontrar o caminho especificado.'
ERROR: Failed to load sprites from '/things/1099/Tibia.spr': unable to open file '/things/1099/Tibia.spr': O sistema não pode encontrar o caminho especificado.
Exiting application..
ERROR: Unable to unload module 'client_modulemanager': LUA ERROR:
/client_modulemanager/modulemanager.lua:26: attempt to index upvalue 'moduleManagerButton' (a nil value)
stack traceback:
	[C]: in function '__index'
	/client_modulemanager/modulemanager.lua:26: in function 'terminate'
	/client_modulemanager/modulemanager.otmod:10:[@onUnload]:1: in main chunk
== application started at Feb 14 2019 22:42:43
OTClient 0.6.3 rev 0 (devel) built on Feb 14 2019 for arch x86
Loaded module 'corelib'
Loaded module 'game_things'
/gamelib/
Loaded module 'gamelib'
Loaded module 'client'
Loaded module 'client_styles'
Locale 'pl' is missing 1 translations.
["Total Price:"] = "",
Locale 'pt' is missing 19 translations.
["Account Status:"] = "",
["Action:"] = "",
["Amount:"] = "",
["Balance:"] = "",
["Comment:"] = "",
["Don't stretch/shrink Game Window"] = "",
["Find:"] = "",
["Name:"] = "",
["Offer Type:"] = "",
["Piece Price:"] = "",
["Position:"] = "",
["Price:"] = "",
["Reason:"] = "",
["Search:"] = "",
["Statement:"] = "",
["Total Price:"] = "",
["Weight:"] = "",
["Your Capacity:"] = "",
["Your Money:"] = "",
Using configured locale: en
Loaded module 'client_locales'
Loaded module 'client_topmenu'
Loaded module 'client_background'
Loaded module 'client_options'
Loaded module 'client_entergame'
Loaded module 'client_terminal'
Loaded module 'client_modulemanager'
Loaded module 'client_serverlist'
Loaded module 'client_stats'
Loaded module 'game_interface'
Loaded module 'game_hotkeys'
Loaded module 'game_questlog'
Loaded module 'game_textmessage'
Loaded module 'game_console'
Loaded module 'game_outfit'
Loaded module 'game_healthinfo'
Loaded module 'game_skills'
Loaded module 'game_inventory'
Loaded module 'game_combatcontrols'
Loaded module 'game_containers'
Loaded module 'game_viplist'
Loaded module 'game_battle'
Loaded module 'game_minimap'
Loaded module 'game_npctrade'
Loaded module 'game_textwindow'
Loaded module 'game_playertrade'
Loaded module 'game_bugreport'
Loaded module 'game_playerdeath'
Loaded module 'game_playermount'
Loaded module 'game_ruleviolation'
Loaded module 'game_market'
Loaded module 'game_spelllist'
Loaded module 'game_cooldown'
Loaded module 'game_modaldialog'
Loaded module 'addon_server'
Loaded module 'spacebar_attack'
Startup done :]
Exiting application..
ERROR: Unable to unload module 'client_modulemanager': LUA ERROR:
/client_modulemanager/modulemanager.lua:26: attempt to index upvalue 'moduleManagerButton' (a nil value)
stack traceback:
	[C]: in function '__index'
	/client_modulemanager/modulemanager.lua:26: in function 'terminate'
	/client_modulemanager/modulemanager.otmod:10:[@onUnload]:1: in main chunk
== application started at Feb 14 2019 22:46:05
OTClient 0.6.3 rev 0 (devel) built on Feb 14 2019 for arch x86
Loaded module 'corelib'
Loaded module 'game_things'
/gamelib/
Loaded module 'gamelib'
Loaded module 'client'
Loaded module 'client_styles'
Locale 'pl' is missing 1 translations.
["Total Price:"] = "",
Locale 'pt' is missing 19 translations.
["Account Status:"] = "",
["Action:"] = "",
["Amount:"] = "",
["Balance:"] = "",
["Comment:"] = "",
["Don't stretch/shrink Game Window"] = "",
["Find:"] = "",
["Name:"] = "",
["Offer Type:"] = "",
["Piece Price:"] = "",
["Position:"] = "",
["Price:"] = "",
["Reason:"] = "",
["Search:"] = "",
["Statement:"] = "",
["Total Price:"] = "",
["Weight:"] = "",
["Your Capacity:"] = "",
["Your Money:"] = "",
Using configured locale: en
Loaded module 'client_locales'
Loaded module 'client_topmenu'
Loaded module 'client_background'
Loaded module 'client_options'
Loaded module 'client_entergame'
Loaded module 'client_terminal'
Loaded module 'client_modulemanager'
Loaded module 'client_serverlist'
Loaded module 'client_stats'
Loaded module 'game_interface'
Loaded module 'game_hotkeys'
Loaded module 'game_questlog'
Loaded module 'game_textmessage'
Loaded module 'game_console'
Loaded module 'game_outfit'
Loaded module 'game_healthinfo'
Loaded module 'game_skills'
Loaded module 'game_inventory'
Loaded module 'game_combatcontrols'
Loaded module 'game_containers'
Loaded module 'game_viplist'
Loaded module 'game_battle'
Loaded module 'game_minimap'
Loaded module 'game_npctrade'
Loaded module 'game_textwindow'
Loaded module 'game_playertrade'
Loaded module 'game_bugreport'
Loaded module 'game_playerdeath'
Loaded module 'game_playermount'
Loaded module 'game_ruleviolation'
Loaded module 'game_market'
Loaded module 'game_spelllist'
Loaded module 'game_cooldown'
Loaded module 'game_modaldialog'
Loaded module 'addon_server'
Loaded module 'spacebar_attack'
Startup done :]
ERROR: protected lua call failed: LUA ERROR:
/game_skills/skills.lua:106: attempt to index local 'skill' (a nil value)
stack traceback:
	[C]: in function '__index'
	/game_skills/skills.lua:106: in function 'setSkillValue'
	/game_skills/skills.lua:417: in function 'onSkillChange'
	/game_skills/skills.lua:239: in function </game_skills/skills.lua:218>
ERROR: protected lua call failed: LUA ERROR:
/game_skills/skills.lua:106: attempt to index local 'skill' (a nil value)
stack traceback:
	[C]: in function '__index'
	/game_skills/skills.lua:106: in function 'setSkillValue'
	/game_skills/skills.lua:417: in function </game_skills/skills.lua:416>
ERROR: protected lua call failed: LUA ERROR:
/game_skills/skills.lua:106: attempt to index local 'skill' (a nil value)
stack traceback:
	[C]: in function '__index'
	/game_skills/skills.lua:106: in function 'setSkillValue'
	/game_skills/skills.lua:417: in function </game_skills/skills.lua:416>
ERROR: protected lua call failed: LUA ERROR:
/game_skills/skills.lua:106: attempt to index local 'skill' (a nil value)
stack traceback:
	[C]: in function '__index'
	/game_skills/skills.lua:106: in function 'setSkillValue'
	/game_skills/skills.lua:417: in function </game_skills/skills.lua:416>
ERROR: protected lua call failed: LUA ERROR:
/game_skills/skills.lua:106: attempt to index local 'skill' (a nil value)
stack traceback:
	[C]: in function '__index'
	/game_skills/skills.lua:106: in function 'setSkillValue'
	/game_skills/skills.lua:417: in function </game_skills/skills.lua:416>
Exiting application..
ERROR: Unable to unload module 'client_modulemanager': LUA ERROR:
/client_modulemanager/modulemanager.lua:26: attempt to index upvalue 'moduleManagerButton' (a nil value)
stack traceback:
	[C]: in function '__index'
	/client_modulemanager/modulemanager.lua:26: in function 'terminate'
	/client_modulemanager/modulemanager.otmod:10:[@onUnload]:1: in main chunk
== application started at Feb 14 2019 22:47:45
OTClient 0.6.3 rev 0 (devel) built on Feb 14 2019 for arch x86
Loaded module 'corelib'
Loaded module 'game_things'
/gamelib/
Loaded module 'gamelib'
Loaded module 'client'
Loaded module 'client_styles'
Locale 'pl' is missing 1 translations.
["Total Price:"] = "",
Locale 'pt' is missing 19 translations.
["Account Status:"] = "",
["Action:"] = "",
["Amount:"] = "",
["Balance:"] = "",
["Comment:"] = "",
["Don't stretch/shrink Game Window"] = "",
["Find:"] = "",
["Name:"] = "",
["Offer Type:"] = "",
["Piece Price:"] = "",
["Position:"] = "",
["Price:"] = "",
["Reason:"] = "",
["Search:"] = "",
["Statement:"] = "",
["Total Price:"] = "",
["Weight:"] = "",
["Your Capacity:"] = "",
["Your Money:"] = "",
Using configured locale: en
Loaded module 'client_locales'
Loaded module 'client_topmenu'
Loaded module 'client_background'
Loaded module 'client_options'
Loaded module 'client_entergame'
Loaded module 'client_terminal'
Loaded module 'client_modulemanager'
Loaded module 'client_serverlist'
Loaded module 'client_stats'
Loaded module 'game_interface'
Loaded module 'game_hotkeys'
Loaded module 'game_questlog'
Loaded module 'game_textmessage'
Loaded module 'game_console'
Loaded module 'game_outfit'
Loaded module 'game_healthinfo'
Loaded module 'game_skills'
Loaded module 'game_inventory'
Loaded module 'game_combatcontrols'
Loaded module 'game_containers'
Loaded module 'game_viplist'
Loaded module 'game_battle'
Loaded module 'game_minimap'
Loaded module 'game_npctrade'
Loaded module 'game_textwindow'
Loaded module 'game_playertrade'
Loaded module 'game_bugreport'
Loaded module 'game_playerdeath'
Loaded module 'game_playermount'
Loaded module 'game_ruleviolation'
Loaded module 'game_market'
Loaded module 'game_spelllist'
Loaded module 'game_cooldown'
Loaded module 'game_modaldialog'
Loaded module 'addon_server'
Loaded module 'spacebar_attack'
Startup done :]
ERROR: protected lua call failed: LUA ERROR:
/game_skills/skills.lua:238: 'for' limit must be a number
stack traceback:
	[C]: at 0x01601680
	/game_skills/skills.lua:238: in function </game_skills/skills.lua:218>
ERROR: protected lua call failed: LUA ERROR:
/game_skills/skills.lua:106: attempt to index local 'skill' (a nil value)
stack traceback:
	[C]: in function '__index'
	/game_skills/skills.lua:106: in function 'setSkillValue'
	/game_skills/skills.lua:417: in function </game_skills/skills.lua:416>
ERROR: protected lua call failed: LUA ERROR:
/game_skills/skills.lua:106: attempt to index local 'skill' (a nil value)
stack traceback:
	[C]: in function '__index'
	/game_skills/skills.lua:106: in function 'setSkillValue'
	/game_skills/skills.lua:417: in function </game_skills/skills.lua:416>
ERROR: protected lua call failed: LUA ERROR:
/game_skills/skills.lua:106: attempt to index local 'skill' (a nil value)
stack traceback:
	[C]: in function '__index'
	/game_skills/skills.lua:106: in function 'setSkillValue'
	/game_skills/skills.lua:417: in function </game_skills/skills.lua:416>
ERROR: protected lua call failed: LUA ERROR:
/game_skills/skills.lua:106: attempt to index local 'skill' (a nil value)
stack traceback:
	[C]: in function '__index'
	/game_skills/skills.lua:106: in function 'setSkillValue'
	/game_skills/skills.lua:417: in function </game_skills/skills.lua:416>
Exiting application..
ERROR: Unable to unload module 'client_modulemanager': LUA ERROR:
/client_modulemanager/modulemanager.lua:26: attempt to index upvalue 'moduleManagerButton' (a nil value)
stack traceback:
	[C]: in function '__index'
	/client_modulemanager/modulemanager.lua:26: in function 'terminate'
	/client_modulemanager/modulemanager.otmod:10:[@onUnload]:1: in main chunk
== application started at Feb 14 2019 22:49:49
OTClient 0.6.3 rev 0 (devel) built on Feb 14 2019 for arch x86
Loaded module 'corelib'
Loaded module 'game_things'
/gamelib/
Loaded module 'gamelib'
Loaded module 'client'
Loaded module 'client_styles'
Locale 'pl' is missing 1 translations.
["Total Price:"] = "",
Locale 'pt' is missing 19 translations.
["Account Status:"] = "",
["Action:"] = "",
["Amount:"] = "",
["Balance:"] = "",
["Comment:"] = "",
["Don't stretch/shrink Game Window"] = "",
["Find:"] = "",
["Name:"] = "",
["Offer Type:"] = "",
["Piece Price:"] = "",
["Position:"] = "",
["Price:"] = "",
["Reason:"] = "",
["Search:"] = "",
["Statement:"] = "",
["Total Price:"] = "",
["Weight:"] = "",
["Your Capacity:"] = "",
["Your Money:"] = "",
Using configured locale: en
Loaded module 'client_locales'
Loaded module 'client_topmenu'
Loaded module 'client_background'
Loaded module 'client_options'
Loaded module 'client_entergame'
Loaded module 'client_terminal'
Loaded module 'client_modulemanager'
Loaded module 'client_serverlist'
Loaded module 'client_stats'
Loaded module 'game_interface'
Loaded module 'game_hotkeys'
Loaded module 'game_questlog'
Loaded module 'game_textmessage'
Loaded module 'game_console'
Loaded module 'game_outfit'
Loaded module 'game_healthinfo'
Loaded module 'game_skills'
Loaded module 'game_inventory'
Loaded module 'game_combatcontrols'
Loaded module 'game_containers'
Loaded module 'game_viplist'
Loaded module 'game_battle'
Loaded module 'game_minimap'
Loaded module 'game_npctrade'
Loaded module 'game_textwindow'
Loaded module 'game_playertrade'
Loaded module 'game_bugreport'
Loaded module 'game_playerdeath'
Loaded module 'game_playermount'
Loaded module 'game_ruleviolation'
Loaded module 'game_market'
Loaded module 'game_spelllist'
Loaded module 'game_cooldown'
Loaded module 'game_modaldialog'
Loaded module 'addon_server'
Loaded module 'spacebar_attack'
Startup done :]
ERROR: protected lua call failed: LUA ERROR:
/game_skills/skills.lua:106: attempt to index local 'skill' (a nil value)
stack traceback:
	[C]: in function '__index'
	/game_skills/skills.lua:106: in function 'setSkillValue'
	/game_skills/skills.lua:417: in function </game_skills/skills.lua:416>
ERROR: protected lua call failed: LUA ERROR:
/game_skills/skills.lua:106: attempt to index local 'skill' (a nil value)
stack traceback:
	[C]: in function '__index'
	/game_skills/skills.lua:106: in function 'setSkillValue'
	/game_skills/skills.lua:417: in function </game_skills/skills.lua:416>
ERROR: protected lua call failed: LUA ERROR:
/game_skills/skills.lua:106: attempt to index local 'skill' (a nil value)
stack traceback:
	[C]: in function '__index'
	/game_skills/skills.lua:106: in function 'setSkillValue'
	/game_skills/skills.lua:417: in function </game_skills/skills.lua:416>
ERROR: protected lua call failed: LUA ERROR:
/game_skills/skills.lua:106: attempt to index local 'skill' (a nil value)
stack traceback:
	[C]: in function '__index'
	/game_skills/skills.lua:106: in function 'setSkillValue'
	/game_skills/skills.lua:417: in function </game_skills/skills.lua:416>
Exiting application..
ERROR: Unable to unload module 'client_modulemanager': LUA ERROR:
/client_modulemanager/modulemanager.lua:26: attempt to index upvalue 'moduleManagerButton' (a nil value)
stack traceback:
	[C]: in function '__index'
	/client_modulemanager/modulemanager.lua:26: in function 'terminate'
	/client_modulemanager/modulemanager.otmod:10:[@onUnload]:1: in main chunk
== application started at Feb 14 2019 22:56:00
OTClient 0.6.3 rev 0 (devel) built on Feb 14 2019 for arch x86
Loaded module 'corelib'
Loaded module 'game_things'
/gamelib/
Loaded module 'gamelib'
Loaded module 'client'
Loaded module 'client_styles'
Locale 'pl' is missing 1 translations.
["Total Price:"] = "",
Locale 'pt' is missing 19 translations.
["Account Status:"] = "",
["Action:"] = "",
["Amount:"] = "",
["Balance:"] = "",
["Comment:"] = "",
["Don't stretch/shrink Game Window"] = "",
["Find:"] = "",
["Name:"] = "",
["Offer Type:"] = "",
["Piece Price:"] = "",
["Position:"] = "",
["Price:"] = "",
["Reason:"] = "",
["Search:"] = "",
["Statement:"] = "",
["Total Price:"] = "",
["Weight:"] = "",
["Your Capacity:"] = "",
["Your Money:"] = "",
Using configured locale: en
Loaded module 'client_locales'
Loaded module 'client_topmenu'
Loaded module 'client_background'
Loaded module 'client_options'
Loaded module 'client_entergame'
Loaded module 'client_terminal'
Loaded module 'client_modulemanager'
Loaded module 'client_serverlist'
Loaded module 'client_stats'
Loaded module 'game_interface'
Loaded module 'game_hotkeys'
Loaded module 'game_questlog'
Loaded module 'game_textmessage'
Loaded module 'game_console'
Loaded module 'game_outfit'
Loaded module 'game_healthinfo'
ERROR: Unable to load module 'game_skills': LUA ERROR: /game_skills/skills.lua:109: '}' expected (to close '{' at line 107) near 'widget'
stack traceback:
	[builtin#141]: at 0x01512ca0
	[C]: in function 'ensureModuleLoaded'
	/init.lua:46: in main chunk
Loaded module 'game_inventory'
Loaded module 'game_combatcontrols'
Loaded module 'game_containers'
Loaded module 'game_viplist'
Loaded module 'game_battle'
Loaded module 'game_minimap'
Loaded module 'game_npctrade'
Loaded module 'game_textwindow'
Loaded module 'game_playertrade'
Loaded module 'game_bugreport'
Loaded module 'game_playerdeath'
Loaded module 'game_playermount'
Loaded module 'game_ruleviolation'
Loaded module 'game_market'
Loaded module 'game_spelllist'
Loaded module 'game_cooldown'
Loaded module 'game_modaldialog'
Loaded module 'addon_server'
Loaded module 'spacebar_attack'
Startup done :]
Exiting application..
ERROR: Unable to unload module 'client_modulemanager': LUA ERROR:
/client_modulemanager/modulemanager.lua:26: attempt to index upvalue 'moduleManagerButton' (a nil value)
stack traceback:
	[C]: in function '__index'
	/client_modulemanager/modulemanager.lua:26: in function 'terminate'
	/client_modulemanager/modulemanager.otmod:10:[@onUnload]:1: in main chunk
== application started at Feb 14 2019 22:56:24
OTClient 0.6.3 rev 0 (devel) built on Feb 14 2019 for arch x86
Loaded module 'corelib'
Loaded module 'game_things'
/gamelib/
Loaded module 'gamelib'
Loaded module 'client'
Loaded module 'client_styles'
Locale 'pl' is missing 1 translations.
["Total Price:"] = "",
Locale 'pt' is missing 19 translations.
["Account Status:"] = "",
["Action:"] = "",
["Amount:"] = "",
["Balance:"] = "",
["Comment:"] = "",
["Don't stretch/shrink Game Window"] = "",
["Find:"] = "",
["Name:"] = "",
["Offer Type:"] = "",
["Piece Price:"] = "",
["Position:"] = "",
["Price:"] = "",
["Reason:"] = "",
["Search:"] = "",
["Statement:"] = "",
["Total Price:"] = "",
["Weight:"] = "",
["Your Capacity:"] = "",
["Your Money:"] = "",
Using configured locale: en
Loaded module 'client_locales'
Loaded module 'client_topmenu'
Loaded module 'client_background'
Loaded module 'client_options'
Loaded module 'client_entergame'
Loaded module 'client_terminal'
Loaded module 'client_modulemanager'
Loaded module 'client_serverlist'
Loaded module 'client_stats'
Loaded module 'game_interface'
Loaded module 'game_hotkeys'
Loaded module 'game_questlog'
Loaded module 'game_textmessage'
Loaded module 'game_console'
Loaded module 'game_outfit'
Loaded module 'game_healthinfo'
ERROR: Unable to load module 'game_skills': LUA ERROR: /game_skills/skills.lua:108: 'then' expected near 'widget'
stack traceback:
	[builtin#141]: at 0x01512ca0
	[C]: in function 'ensureModuleLoaded'
	/init.lua:46: in main chunk
Loaded module 'game_inventory'
Loaded module 'game_combatcontrols'
Loaded module 'game_containers'
Loaded module 'game_viplist'
Loaded module 'game_battle'
Loaded module 'game_minimap'
Loaded module 'game_npctrade'
Loaded module 'game_textwindow'
Loaded module 'game_playertrade'
Loaded module 'game_bugreport'
Loaded module 'game_playerdeath'
Loaded module 'game_playermount'
Loaded module 'game_ruleviolation'
Loaded module 'game_market'
Loaded module 'game_spelllist'
Loaded module 'game_cooldown'
Loaded module 'game_modaldialog'
Loaded module 'addon_server'
Loaded module 'spacebar_attack'
Startup done :]
Exiting application..
ERROR: Unable to unload module 'client_modulemanager': LUA ERROR:
/client_modulemanager/modulemanager.lua:26: attempt to index upvalue 'moduleManagerButton' (a nil value)
stack traceback:
	[C]: in function '__index'
	/client_modulemanager/modulemanager.lua:26: in function 'terminate'
	/client_modulemanager/modulemanager.otmod:10:[@onUnload]:1: in main chunk
== application started at Feb 14 2019 22:56:41
OTClient 0.6.3 rev 0 (devel) built on Feb 14 2019 for arch x86
Loaded module 'corelib'
Loaded module 'game_things'
/gamelib/
Loaded module 'gamelib'
Loaded module 'client'
Loaded module 'client_styles'
Locale 'pl' is missing 1 translations.
["Total Price:"] = "",
Locale 'pt' is missing 19 translations.
["Account Status:"] = "",
["Action:"] = "",
["Amount:"] = "",
["Balance:"] = "",
["Comment:"] = "",
["Don't stretch/shrink Game Window"] = "",
["Find:"] = "",
["Name:"] = "",
["Offer Type:"] = "",
["Piece Price:"] = "",
["Position:"] = "",
["Price:"] = "",
["Reason:"] = "",
["Search:"] = "",
["Statement:"] = "",
["Total Price:"] = "",
["Weight:"] = "",
["Your Capacity:"] = "",
["Your Money:"] = "",
Using configured locale: en
Loaded module 'client_locales'
Loaded module 'client_topmenu'
Loaded module 'client_background'
Loaded module 'client_options'
Loaded module 'client_entergame'
Loaded module 'client_terminal'
Loaded module 'client_modulemanager'
Loaded module 'client_serverlist'
Loaded module 'client_stats'
Loaded module 'game_interface'
Loaded module 'game_hotkeys'
Loaded module 'game_questlog'
Loaded module 'game_textmessage'
Loaded module 'game_console'
Loaded module 'game_outfit'
Loaded module 'game_healthinfo'
Loaded module 'game_skills'
Loaded module 'game_inventory'
Loaded module 'game_combatcontrols'
Loaded module 'game_containers'
Loaded module 'game_viplist'
Loaded module 'game_battle'
Loaded module 'game_minimap'
Loaded module 'game_npctrade'
Loaded module 'game_textwindow'
Loaded module 'game_playertrade'
Loaded module 'game_bugreport'
Loaded module 'game_playerdeath'
Loaded module 'game_playermount'
Loaded module 'game_ruleviolation'
Loaded module 'game_market'
Loaded module 'game_spelllist'
Loaded module 'game_cooldown'
Loaded module 'game_modaldialog'
Loaded module 'addon_server'
Loaded module 'spacebar_attack'
Startup done :]
ERROR: protected lua call failed: LUA ERROR:
/game_skills/skills.lua:107: attempt to compare string with number
stack traceback:
	[C]: in function '__le'
	/game_skills/skills.lua:107: in function 'setSkillValue'
	/game_skills/skills.lua:314: in function 'onExperienceChange'
	/game_skills/skills.lua:231: in function </game_skills/skills.lua:224>
ERROR: protected lua call failed: LUA ERROR:
/game_skills/skills.lua:107: attempt to compare string with number
stack traceback:
	[C]: in function '__le'
	/game_skills/skills.lua:107: in function 'setSkillValue'
	/game_skills/skills.lua:402: in function </game_skills/skills.lua:401>
ERROR: protected lua call failed: LUA ERROR:
/game_skills/skills.lua:107: attempt to compare string with number
stack traceback:
	[C]: in function '__le'
	/game_skills/skills.lua:107: in function 'setSkillValue'
	/game_skills/skills.lua:338: in function </game_skills/skills.lua:337>
ERROR: protected lua call failed: LUA ERROR:
/game_skills/skills.lua:107: attempt to compare string with number
stack traceback:
	[C]: in function '__le'
	/game_skills/skills.lua:107: in function 'setSkillValue'
	/game_skills/skills.lua:352: in function </game_skills/skills.lua:351>
ERROR: protected lua call failed: LUA ERROR:
/game_skills/skills.lua:107: attempt to compare string with number
stack traceback:
	[C]: in function '__le'
	/game_skills/skills.lua:107: in function 'setSkillValue'
	/game_skills/skills.lua:314: in function </game_skills/skills.lua:313>
ERROR: protected lua call failed: LUA ERROR:
/game_skills/skills.lua:107: attempt to compare string with number
stack traceback:
	[C]: in function '__le'
	/game_skills/skills.lua:107: in function 'setSkillValue'
	/game_skills/skills.lua:318: in function </game_skills/skills.lua:317>
ERROR: protected lua call failed: LUA ERROR:
/game_skills/skills.lua:107: attempt to compare string with number
stack traceback:
	[C]: in function '__le'
	/game_skills/skills.lua:107: in function 'setSkillValue'
	/game_skills/skills.lua:343: in function </game_skills/skills.lua:342>
ERROR: protected lua call failed: LUA ERROR:
/game_skills/skills.lua:107: attempt to compare string with number
stack traceback:
	[C]: in function '__le'
	/game_skills/skills.lua:107: in function 'setSkillValue'
	/game_skills/skills.lua:411: in function </game_skills/skills.lua:410>
ERROR: protected lua call failed: LUA ERROR:
/game_skills/skills.lua:107: attempt to compare string with number
stack traceback:
	[C]: in function '__le'
	/game_skills/skills.lua:107: in function 'setSkillValue'
	/game_skills/skills.lua:368: in function </game_skills/skills.lua:360>
ERROR: protected lua call failed: LUA ERROR:
/game_skills/skills.lua:107: attempt to compare string with number
stack traceback:
	[C]: in function '__le'
	/game_skills/skills.lua:107: in function 'setSkillValue'
	/game_skills/skills.lua:348: in function </game_skills/skills.lua:347>
ERROR: protected lua call failed: LUA ERROR:
/game_skills/skills.lua:107: attempt to compare string with number
stack traceback:
	[C]: in function '__le'
	/game_skills/skills.lua:107: in function 'setSkillValue'
	/game_skills/skills.lua:397: in function </game_skills/skills.lua:387>
ERROR: protected lua call failed: LUA ERROR:
/game_skills/skills.lua:107: attempt to compare string with number
stack traceback:
	[C]: in function '__le'
	/game_skills/skills.lua:107: in function 'setSkillValue'
	/game_skills/skills.lua:423: in function </game_skills/skills.lua:422>
ERROR: protected lua call failed: LUA ERROR:
/game_skills/skills.lua:107: attempt to compare string with number
stack traceback:
	[C]: in function '__le'
	/game_skills/skills.lua:107: in function 'setSkillValue'
	/game_skills/skills.lua:431: in function </game_skills/skills.lua:429>
ERROR: protected lua call failed: LUA ERROR:
/game_skills/skills.lua:107: attempt to compare string with number
stack traceback:
	[C]: in function '__le'
	/game_skills/skills.lua:107: in function 'setSkillValue'
	/game_skills/skills.lua:423: in function </game_skills/skills.lua:422>
ERROR: protected lua call failed: LUA ERROR:
/game_skills/skills.lua:107: attempt to compare string with number
stack traceback:
	[C]: in function '__le'
	/game_skills/skills.lua:107: in function 'setSkillValue'
	/game_skills/skills.lua:431: in function </game_skills/skills.lua:429>
ERROR: protected lua call failed: LUA ERROR:
/game_skills/skills.lua:107: attempt to compare string with number
stack traceback:
	[C]: in function '__le'
	/game_skills/skills.lua:107: in function 'setSkillValue'
	/game_skills/skills.lua:423: in function </game_skills/skills.lua:422>
ERROR: protected lua call failed: LUA ERROR:
/game_skills/skills.lua:107: attempt to compare string with number
stack traceback:
	[C]: in function '__le'
	/game_skills/skills.lua:107: in function 'setSkillValue'
	/game_skills/skills.lua:431: in function </game_skills/skills.lua:429>
ERROR: protected lua call failed: LUA ERROR:
/game_skills/skills.lua:107: attempt to compare string with number
stack traceback:
	[C]: in function '__le'
	/game_skills/skills.lua:107: in function 'setSkillValue'
	/game_skills/skills.lua:423: in function </game_skills/skills.lua:422>
ERROR: protected lua call failed: LUA ERROR:
/game_skills/skills.lua:107: attempt to compare string with number
stack traceback:
	[C]: in function '__le'
	/game_skills/skills.lua:107: in function 'setSkillValue'
	/game_skills/skills.lua:431: in function </game_skills/skills.lua:429>
ERROR: protected lua call failed: LUA ERROR:
/game_skills/skills.lua:107: attempt to compare string with number
stack traceback:
	[C]: in function '__le'
	/game_skills/skills.lua:107: in function 'setSkillValue'
	/game_skills/skills.lua:423: in function </game_skills/skills.lua:422>
ERROR: protected lua call failed: LUA ERROR:
/game_skills/skills.lua:107: attempt to compare string with number
stack traceback:
	[C]: in function '__le'
	/game_skills/skills.lua:107: in function 'setSkillValue'
	/game_skills/skills.lua:431: in function </game_skills/skills.lua:429>
ERROR: protected lua call failed: LUA ERROR:
/game_skills/skills.lua:107: attempt to compare string with number
stack traceback:
	[C]: in function '__le'
	/game_skills/skills.lua:107: in function 'setSkillValue'
	/game_skills/skills.lua:423: in function </game_skills/skills.lua:422>
ERROR: protected lua call failed: LUA ERROR:
/game_skills/skills.lua:107: attempt to compare string with number
stack traceback:
	[C]: in function '__le'
	/game_skills/skills.lua:107: in function 'setSkillValue'
	/game_skills/skills.lua:431: in function </game_skills/skills.lua:429>
ERROR: protected lua call failed: LUA ERROR:
/game_skills/skills.lua:107: attempt to compare string with number
stack traceback:
	[C]: in function '__le'
	/game_skills/skills.lua:107: in function 'setSkillValue'
	/game_skills/skills.lua:423: in function </game_skills/skills.lua:422>
ERROR: protected lua call failed: LUA ERROR:
/game_skills/skills.lua:107: attempt to compare string with number
stack traceback:
	[C]: in function '__le'
	/game_skills/skills.lua:107: in function 'setSkillValue'
	/game_skills/skills.lua:431: in function </game_skills/skills.lua:429>
ERROR: protected lua call failed: LUA ERROR:
/game_skills/skills.lua:107: attempt to compare string with number
stack traceback:
	[C]: in function '__le'
	/game_skills/skills.lua:107: in function 'setSkillValue'
	/game_skills/skills.lua:423: in function </game_skills/skills.lua:422>
ERROR: protected lua call failed: LUA ERROR:
/game_skills/skills.lua:107: attempt to compare string with number
stack traceback:
	[C]: in function '__le'
	/game_skills/skills.lua:107: in function 'setSkillValue'
	/game_skills/skills.lua:431: in function </game_skills/skills.lua:429>
ERROR: protected lua call failed: LUA ERROR:
/game_skills/skills.lua:107: attempt to compare string with number
stack traceback:
	[C]: in function '__le'
	/game_skills/skills.lua:107: in function 'setSkillValue'
	/game_skills/skills.lua:423: in function </game_skills/skills.lua:422>
ERROR: protected lua call failed: LUA ERROR:
/game_skills/skills.lua:107: attempt to compare string with number
stack traceback:
	[C]: in function '__le'
	/game_skills/skills.lua:107: in function 'setSkillValue'
	/game_skills/skills.lua:431: in function </game_skills/skills.lua:429>
ERROR: protected lua call failed: LUA ERROR:
/game_skills/skills.lua:107: attempt to compare string with number
stack traceback:
	[C]: in function '__le'
	/game_skills/skills.lua:107: in function 'setSkillValue'
	/game_skills/skills.lua:423: in function </game_skills/skills.lua:422>
ERROR: protected lua call failed: LUA ERROR:
/game_skills/skills.lua:107: attempt to compare string with number
stack traceback:
	[C]: in function '__le'
	/game_skills/skills.lua:107: in function 'setSkillValue'
	/game_skills/skills.lua:431: in function </game_skills/skills.lua:429>
ERROR: protected lua call failed: LUA ERROR:
/game_skills/skills.lua:107: attempt to compare string with number
stack traceback:
	[C]: in function '__le'
	/game_skills/skills.lua:107: in function 'setSkillValue'
	/game_skills/skills.lua:423: in function </game_skills/skills.lua:422>
ERROR: protected lua call failed: LUA ERROR:
/game_skills/skills.lua:107: attempt to compare string with number
stack traceback:
	[C]: in function '__le'
	/game_skills/skills.lua:107: in function 'setSkillValue'
	/game_skills/skills.lua:431: in function </game_skills/skills.lua:429>
ERROR: protected lua call failed: LUA ERROR:
/game_skills/skills.lua:107: attempt to compare string with number
stack traceback:
	[C]: in function '__le'
	/game_skills/skills.lua:107: in function 'setSkillValue'
	/game_skills/skills.lua:423: in function </game_skills/skills.lua:422>
ERROR: protected lua call failed: LUA ERROR:
/game_skills/skills.lua:107: attempt to compare string with number
stack traceback:
	[C]: in function '__le'
	/game_skills/skills.lua:107: in function 'setSkillValue'
	/game_skills/skills.lua:431: in function </game_skills/skills.lua:429>
ERROR: protected lua call failed: LUA ERROR:
/game_skills/skills.lua:107: attempt to compare string with number
stack traceback:
	[C]: in function '__le'
	/game_skills/skills.lua:107: in function 'setSkillValue'
	/game_skills/skills.lua:423: in function </game_skills/skills.lua:422>
ERROR: protected lua call failed: LUA ERROR:
/game_skills/skills.lua:107: attempt to compare string with number
stack traceback:
	[C]: in function '__le'
	/game_skills/skills.lua:107: in function 'setSkillValue'
	/game_skills/skills.lua:431: in function </game_skills/skills.lua:429>
ERROR: protected lua call failed: LUA ERROR:
/game_skills/skills.lua:107: attempt to compare string with number
stack traceback:
	[C]: in function '__le'
	/game_skills/skills.lua:107: in function 'setSkillValue'
	/game_skills/skills.lua:402: in function </game_skills/skills.lua:401>
Exiting application..
ERROR: Unable to unload module 'client_modulemanager': LUA ERROR:
/client_modulemanager/modulemanager.lua:26: attempt to index upvalue 'moduleManagerButton' (a nil value)
stack traceback:
	[C]: in function '__index'
	/client_modulemanager/modulemanager.lua:26: in function 'terminate'
	/client_modulemanager/modulemanager.otmod:10:[@onUnload]:1: in main chunk
== application started at Feb 14 2019 22:57:29
OTClient 0.6.3 rev 0 (devel) built on Feb 14 2019 for arch x86
Loaded module 'corelib'
Loaded module 'game_things'
/gamelib/
Loaded module 'gamelib'
Loaded module 'client'
Loaded module 'client_styles'
Locale 'pl' is missing 1 translations.
["Total Price:"] = "",
Locale 'pt' is missing 19 translations.
["Account Status:"] = "",
["Action:"] = "",
["Amount:"] = "",
["Balance:"] = "",
["Comment:"] = "",
["Don't stretch/shrink Game Window"] = "",
["Find:"] = "",
["Name:"] = "",
["Offer Type:"] = "",
["Piece Price:"] = "",
["Position:"] = "",
["Price:"] = "",
["Reason:"] = "",
["Search:"] = "",
["Statement:"] = "",
["Total Price:"] = "",
["Weight:"] = "",
["Your Capacity:"] = "",
["Your Money:"] = "",
Using configured locale: en
Loaded module 'client_locales'
Loaded module 'client_topmenu'
Loaded module 'client_background'
Loaded module 'client_options'
Loaded module 'client_entergame'
Loaded module 'client_terminal'
Loaded module 'client_modulemanager'
Loaded module 'client_serverlist'
Loaded module 'client_stats'
Loaded module 'game_interface'
Loaded module 'game_hotkeys'
Loaded module 'game_questlog'
Loaded module 'game_textmessage'
Loaded module 'game_console'
Loaded module 'game_outfit'
Loaded module 'game_healthinfo'
Loaded module 'game_skills'
Loaded module 'game_inventory'
Loaded module 'game_combatcontrols'
Loaded module 'game_containers'
Loaded module 'game_viplist'
Loaded module 'game_battle'
Loaded module 'game_minimap'
Loaded module 'game_npctrade'
Loaded module 'game_textwindow'
Loaded module 'game_playertrade'
Loaded module 'game_bugreport'
Loaded module 'game_playerdeath'
Loaded module 'game_playermount'
Loaded module 'game_ruleviolation'
Loaded module 'game_market'
Loaded module 'game_spelllist'
Loaded module 'game_cooldown'
Loaded module 'game_modaldialog'
Loaded module 'addon_server'
Loaded module 'spacebar_attack'
Startup done :]
ERROR: protected lua call failed: LUA ERROR:
/game_skills/skills.lua:107: attempt to index local 'skill' (a nil value)
stack traceback:
	[C]: in function '__index'
	/game_skills/skills.lua:107: in function 'setSkillValue'
	/game_skills/skills.lua:418: in function </game_skills/skills.lua:417>
ERROR: protected lua call failed: LUA ERROR:
/game_skills/skills.lua:107: attempt to index local 'skill' (a nil value)
stack traceback:
	[C]: in function '__index'
	/game_skills/skills.lua:107: in function 'setSkillValue'
	/game_skills/skills.lua:418: in function </game_skills/skills.lua:417>
ERROR: protected lua call failed: LUA ERROR:
/game_skills/skills.lua:107: attempt to index local 'skill' (a nil value)
stack traceback:
	[C]: in function '__index'
	/game_skills/skills.lua:107: in function 'setSkillValue'
	/game_skills/skills.lua:418: in function </game_skills/skills.lua:417>
ERROR: protected lua call failed: LUA ERROR:
/game_skills/skills.lua:107: attempt to index local 'skill' (a nil value)
stack traceback:
	[C]: in function '__index'
	/game_skills/skills.lua:107: in function 'setSkillValue'
	/game_skills/skills.lua:418: in function </game_skills/skills.lua:417>
Exiting application..
ERROR: Unable to unload module 'client_modulemanager': LUA ERROR:
/client_modulemanager/modulemanager.lua:26: attempt to index upvalue 'moduleManagerButton' (a nil value)
stack traceback:
	[C]: in function '__index'
	/client_modulemanager/modulemanager.lua:26: in function 'terminate'
	/client_modulemanager/modulemanager.otmod:10:[@onUnload]:1: in main chunk
== application started at Feb 14 2019 23:04:07
OTClient 0.6.3 rev 0 (devel) built on Feb 14 2019 for arch x86
Loaded module 'corelib'
Loaded module 'game_things'
/gamelib/
Loaded module 'gamelib'
Loaded module 'client'
Loaded module 'client_styles'
Locale 'pl' is missing 1 translations.
["Total Price:"] = "",
Locale 'pt' is missing 19 translations.
["Account Status:"] = "",
["Action:"] = "",
["Amount:"] = "",
["Balance:"] = "",
["Comment:"] = "",
["Don't stretch/shrink Game Window"] = "",
["Find:"] = "",
["Name:"] = "",
["Offer Type:"] = "",
["Piece Price:"] = "",
["Position:"] = "",
["Price:"] = "",
["Reason:"] = "",
["Search:"] = "",
["Statement:"] = "",
["Total Price:"] = "",
["Weight:"] = "",
["Your Capacity:"] = "",
["Your Money:"] = "",
Using configured locale: en
Loaded module 'client_locales'
Loaded module 'client_topmenu'
Loaded module 'client_background'
Loaded module 'client_options'
Loaded module 'client_entergame'
Loaded module 'client_terminal'
Loaded module 'client_modulemanager'
Loaded module 'client_serverlist'
Loaded module 'client_stats'
Loaded module 'game_interface'
Loaded module 'game_hotkeys'
Loaded module 'game_questlog'
Loaded module 'game_textmessage'
Loaded module 'game_console'
Loaded module 'game_outfit'
Loaded module 'game_healthinfo'
ERROR: failed to load UI from 'skills.otui': OTML error in '/game_skills/skills.otui' at line 189: indentation with tabs are not allowed
ERROR: Unable to load module 'game_skills': LUA ERROR:
/game_skills/skills.lua:33: attempt to index global 'skillsWindow' (a nil value)
stack traceback:
	[C]: in function '__index'
	/game_skills/skills.lua:33: in function 'init'
	/game_skills/skills.otmod:8:[@onLoad]:1: in main chunk
	[C]: in function 'ensureModuleLoaded'
	/init.lua:46: in main chunk
Loaded module 'game_inventory'
Loaded module 'game_combatcontrols'
Loaded module 'game_containers'
Loaded module 'game_viplist'
Loaded module 'game_battle'
Loaded module 'game_minimap'
Loaded module 'game_npctrade'
Loaded module 'game_textwindow'
Loaded module 'game_playertrade'
Loaded module 'game_bugreport'
Loaded module 'game_playerdeath'
Loaded module 'game_playermount'
Loaded module 'game_ruleviolation'
Loaded module 'game_market'
Loaded module 'game_spelllist'
Loaded module 'game_cooldown'
Loaded module 'game_modaldialog'
Loaded module 'addon_server'
Loaded module 'spacebar_attack'
Startup done :]
ERROR: protected lua call failed: LUA ERROR:
/game_skills/skills.lua:105: attempt to index global 'skillsWindow' (a nil value)
stack traceback:
	[C]: in function '__index'
	/game_skills/skills.lua:105: in function 'setSkillValue'
	/game_skills/skills.lua:309: in function 'onExperienceChange'
	/game_skills/skills.lua:226: in function </game_skills/skills.lua:219>
ERROR: protected lua call failed: LUA ERROR:
/game_skills/skills.lua:105: attempt to index global 'skillsWindow' (a nil value)
stack traceback:
	[C]: in function '__index'
	/game_skills/skills.lua:105: in function 'setSkillValue'
	/game_skills/skills.lua:397: in function </game_skills/skills.lua:396>
ERROR: protected lua call failed: LUA ERROR:
/game_skills/skills.lua:105: attempt to index global 'skillsWindow' (a nil value)
stack traceback:
	[C]: in function '__index'
	/game_skills/skills.lua:105: in function 'setSkillValue'
	/game_skills/skills.lua:333: in function </game_skills/skills.lua:332>
ERROR: protected lua call failed: LUA ERROR:
/game_skills/skills.lua:105: attempt to index global 'skillsWindow' (a nil value)
stack traceback:
	[C]: in function '__index'
	/game_skills/skills.lua:105: in function 'setSkillValue'
	/game_skills/skills.lua:347: in function </game_skills/skills.lua:346>
ERROR: protected lua call failed: LUA ERROR:
/game_skills/skills.lua:74: attempt to index global 'skillsWindow' (a nil value)
stack traceback:
	[C]: in function '__index'
	/game_skills/skills.lua:74: in function 'resetSkillColor'
	/game_skills/skills.lua:199: in function 'checkAlert'
	/game_skills/skills.lua:352: in function </game_skills/skills.lua:351>
ERROR: protected lua call failed: LUA ERROR:
/game_skills/skills.lua:105: attempt to index global 'skillsWindow' (a nil value)
stack traceback:
	[C]: in function '__index'
	/game_skills/skills.lua:105: in function 'setSkillValue'
	/game_skills/skills.lua:309: in function </game_skills/skills.lua:308>
ERROR: protected lua call failed: LUA ERROR:
/game_skills/skills.lua:105: attempt to index global 'skillsWindow' (a nil value)
stack traceback:
	[C]: in function '__index'
	/game_skills/skills.lua:105: in function 'setSkillValue'
	/game_skills/skills.lua:313: in function </game_skills/skills.lua:312>
ERROR: protected lua call failed: LUA ERROR:
/game_skills/skills.lua:105: attempt to index global 'skillsWindow' (a nil value)
stack traceback:
	[C]: in function '__index'
	/game_skills/skills.lua:105: in function 'setSkillValue'
	/game_skills/skills.lua:338: in function </game_skills/skills.lua:337>
ERROR: protected lua call failed: LUA ERROR:
/game_skills/skills.lua:105: attempt to index global 'skillsWindow' (a nil value)
stack traceback:
	[C]: in function '__index'
	/game_skills/skills.lua:105: in function 'setSkillValue'
	/game_skills/skills.lua:406: in function </game_skills/skills.lua:405>
ERROR: protected lua call failed: LUA ERROR:
/game_skills/skills.lua:88: attempt to index global 'skillsWindow' (a nil value)
stack traceback:
	[C]: in function '__index'
	/game_skills/skills.lua:88: in function 'setSkillBase'
	/game_skills/skills.lua:414: in function </game_skills/skills.lua:413>
ERROR: protected lua call failed: LUA ERROR:
/game_skills/skills.lua:105: attempt to index global 'skillsWindow' (a nil value)
stack traceback:
	[C]: in function '__index'
	/game_skills/skills.lua:105: in function 'setSkillValue'
	/game_skills/skills.lua:363: in function </game_skills/skills.lua:355>
ERROR: protected lua call failed: LUA ERROR:
/game_skills/skills.lua:105: attempt to index global 'skillsWindow' (a nil value)
stack traceback:
	[C]: in function '__index'
	/game_skills/skills.lua:105: in function 'setSkillValue'
	/game_skills/skills.lua:343: in function </game_skills/skills.lua:342>
ERROR: protected lua call failed: LUA ERROR:
/game_skills/skills.lua:88: attempt to index global 'skillsWindow' (a nil value)
stack traceback:
	[C]: in function '__index'
	/game_skills/skills.lua:88: in function 'setSkillBase'
	/game_skills/skills.lua:402: in function </game_skills/skills.lua:401>
ERROR: protected lua call failed: LUA ERROR:
/game_skills/skills.lua:105: attempt to index global 'skillsWindow' (a nil value)
stack traceback:
	[C]: in function '__index'
	/game_skills/skills.lua:105: in function 'setSkillValue'
	/game_skills/skills.lua:392: in function </game_skills/skills.lua:382>
ERROR: protected lua call failed: LUA ERROR:
/game_skills/skills.lua:105: attempt to index global 'skillsWindow' (a nil value)
stack traceback:
	[C]: in function '__index'
	/game_skills/skills.lua:105: in function 'setSkillValue'
	/game_skills/skills.lua:418: in function </game_skills/skills.lua:417>
ERROR: protected lua call failed: LUA ERROR:
/game_skills/skills.lua:88: attempt to index global 'skillsWindow' (a nil value)
stack traceback:
	[C]: in function '__index'
	/game_skills/skills.lua:88: in function 'setSkillBase'
	/game_skills/skills.lua:425: in function </game_skills/skills.lua:424>
ERROR: protected lua call failed: LUA ERROR:
/game_skills/skills.lua:105: attempt to index global 'skillsWindow' (a nil value)
stack traceback:
	[C]: in function '__index'
	/game_skills/skills.lua:105: in function 'setSkillValue'
	/game_skills/skills.lua:418: in function </game_skills/skills.lua:417>
ERROR: protected lua call failed: LUA ERROR:
/game_skills/skills.lua:88: attempt to index global 'skillsWindow' (a nil value)
stack traceback:
	[C]: in function '__index'
	/game_skills/skills.lua:88: in function 'setSkillBase'
	/game_skills/skills.lua:425: in function </game_skills/skills.lua:424>
ERROR: protected lua call failed: LUA ERROR:
/game_skills/skills.lua:105: attempt to index global 'skillsWindow' (a nil value)
stack traceback:
	[C]: in function '__index'
	/game_skills/skills.lua:105: in function 'setSkillValue'
	/game_skills/skills.lua:418: in function </game_skills/skills.lua:417>
ERROR: protected lua call failed: LUA ERROR:
/game_skills/skills.lua:88: attempt to index global 'skillsWindow' (a nil value)
stack traceback:
	[C]: in function '__index'
	/game_skills/skills.lua:88: in function 'setSkillBase'
	/game_skills/skills.lua:425: in function </game_skills/skills.lua:424>
ERROR: protected lua call failed: LUA ERROR:
/game_skills/skills.lua:105: attempt to index global 'skillsWindow' (a nil value)
stack traceback:
	[C]: in function '__index'
	/game_skills/skills.lua:105: in function 'setSkillValue'
	/game_skills/skills.lua:418: in function </game_skills/skills.lua:417>
ERROR: protected lua call failed: LUA ERROR:
/game_skills/skills.lua:88: attempt to index global 'skillsWindow' (a nil value)
stack traceback:
	[C]: in function '__index'
	/game_skills/skills.lua:88: in function 'setSkillBase'
	/game_skills/skills.lua:425: in function </game_skills/skills.lua:424>
ERROR: protected lua call failed: LUA ERROR:
/game_skills/skills.lua:105: attempt to index global 'skillsWindow' (a nil value)
stack traceback:
	[C]: in function '__index'
	/game_skills/skills.lua:105: in function 'setSkillValue'
	/game_skills/skills.lua:418: in function </game_skills/skills.lua:417>
ERROR: protected lua call failed: LUA ERROR:
/game_skills/skills.lua:88: attempt to index global 'skillsWindow' (a nil value)
stack traceback:
	[C]: in function '__index'
	/game_skills/skills.lua:88: in function 'setSkillBase'
	/game_skills/skills.lua:425: in function </game_skills/skills.lua:424>
ERROR: protected lua call failed: LUA ERROR:
/game_skills/skills.lua:105: attempt to index global 'skillsWindow' (a nil value)
stack traceback:
	[C]: in function '__index'
	/game_skills/skills.lua:105: in function 'setSkillValue'
	/game_skills/skills.lua:418: in function </game_skills/skills.lua:417>
ERROR: protected lua call failed: LUA ERROR:
/game_skills/skills.lua:88: attempt to index global 'skillsWindow' (a nil value)
stack traceback:
	[C]: in function '__index'
	/game_skills/skills.lua:88: in function 'setSkillBase'
	/game_skills/skills.lua:425: in function </game_skills/skills.lua:424>
ERROR: protected lua call failed: LUA ERROR:
/game_skills/skills.lua:105: attempt to index global 'skillsWindow' (a nil value)
stack traceback:
	[C]: in function '__index'
	/game_skills/skills.lua:105: in function 'setSkillValue'
	/game_skills/skills.lua:418: in function </game_skills/skills.lua:417>
ERROR: protected lua call failed: LUA ERROR:
/game_skills/skills.lua:88: attempt to index global 'skillsWindow' (a nil value)
stack traceback:
	[C]: in function '__index'
	/game_skills/skills.lua:88: in function 'setSkillBase'
	/game_skills/skills.lua:425: in function </game_skills/skills.lua:424>
ERROR: protected lua call failed: LUA ERROR:
/game_skills/skills.lua:105: attempt to index global 'skillsWindow' (a nil value)
stack traceback:
	[C]: in function '__index'
	/game_skills/skills.lua:105: in function 'setSkillValue'
	/game_skills/skills.lua:418: in function </game_skills/skills.lua:417>
ERROR: protected lua call failed: LUA ERROR:
/game_skills/skills.lua:105: attempt to index global 'skillsWindow' (a nil value)
stack traceback:
	[C]: in function '__index'
	/game_skills/skills.lua:105: in function 'setSkillValue'
	/game_skills/skills.lua:426: in function </game_skills/skills.lua:424>
ERROR: protected lua call failed: LUA ERROR:
/game_skills/skills.lua:105: attempt to index global 'skillsWindow' (a nil value)
stack traceback:
	[C]: in function '__index'
	/game_skills/skills.lua:105: in function 'setSkillValue'
	/game_skills/skills.lua:418: in function </game_skills/skills.lua:417>
ERROR: protected lua call failed: LUA ERROR:
/game_skills/skills.lua:105: attempt to index global 'skillsWindow' (a nil value)
stack traceback:
	[C]: in function '__index'
	/game_skills/skills.lua:105: in function 'setSkillValue'
	/game_skills/skills.lua:426: in function </game_skills/skills.lua:424>
ERROR: protected lua call failed: LUA ERROR:
/game_skills/skills.lua:105: attempt to index global 'skillsWindow' (a nil value)
stack traceback:
	[C]: in function '__index'
	/game_skills/skills.lua:105: in function 'setSkillValue'
	/game_skills/skills.lua:418: in function </game_skills/skills.lua:417>
ERROR: protected lua call failed: LUA ERROR:
/game_skills/skills.lua:105: attempt to index global 'skillsWindow' (a nil value)
stack traceback:
	[C]: in function '__index'
	/game_skills/skills.lua:105: in function 'setSkillValue'
	/game_skills/skills.lua:426: in function </game_skills/skills.lua:424>
ERROR: protected lua call failed: LUA ERROR:
/game_skills/skills.lua:105: attempt to index global 'skillsWindow' (a nil value)
stack traceback:
	[C]: in function '__index'
	/game_skills/skills.lua:105: in function 'setSkillValue'
	/game_skills/skills.lua:418: in function </game_skills/skills.lua:417>
ERROR: protected lua call failed: LUA ERROR:
/game_skills/skills.lua:105: attempt to index global 'skillsWindow' (a nil value)
stack traceback:
	[C]: in function '__index'
	/game_skills/skills.lua:105: in function 'setSkillValue'
	/game_skills/skills.lua:426: in function </game_skills/skills.lua:424>
ERROR: protected lua call failed: LUA ERROR:
/game_skills/skills.lua:105: attempt to index global 'skillsWindow' (a nil value)
stack traceback:
	[C]: in function '__index'
	/game_skills/skills.lua:105: in function 'setSkillValue'
	/game_skills/skills.lua:418: in function </game_skills/skills.lua:417>
ERROR: protected lua call failed: LUA ERROR:
/game_skills/skills.lua:105: attempt to index global 'skillsWindow' (a nil value)
stack traceback:
	[C]: in function '__index'
	/game_skills/skills.lua:105: in function 'setSkillValue'
	/game_skills/skills.lua:426: in function </game_skills/skills.lua:424>
ERROR: protected lua call failed: LUA ERROR:
/game_skills/skills.lua:105: attempt to index global 'skillsWindow' (a nil value)
stack traceback:
	[C]: in function '__index'
	/game_skills/skills.lua:105: in function 'setSkillValue'
	/game_skills/skills.lua:418: in function </game_skills/skills.lua:417>
ERROR: protected lua call failed: LUA ERROR:
/game_skills/skills.lua:105: attempt to index global 'skillsWindow' (a nil value)
stack traceback:
	[C]: in function '__index'
	/game_skills/skills.lua:105: in function 'setSkillValue'
	/game_skills/skills.lua:426: in function </game_skills/skills.lua:424>
ERROR: protected lua call failed: LUA ERROR:
/game_skills/skills.lua:105: attempt to index global 'skillsWindow' (a nil value)
stack traceback:
	[C]: in function '__index'
	/game_skills/skills.lua:105: in function 'setSkillValue'
	/game_skills/skills.lua:397: in function </game_skills/skills.lua:396>
Exiting application..
ERROR: Unable to unload module 'client_modulemanager': LUA ERROR:
/client_modulemanager/modulemanager.lua:26: attempt to index upvalue 'moduleManagerButton' (a nil value)
stack traceback:
	[C]: in function '__index'
	/client_modulemanager/modulemanager.lua:26: in function 'terminate'
	/client_modulemanager/modulemanager.otmod:10:[@onUnload]:1: in main chunk
== application started at Feb 14 2019 23:04:42
OTClient 0.6.3 rev 0 (devel) built on Feb 14 2019 for arch x86
Loaded module 'corelib'
Loaded module 'game_things'
/gamelib/
Loaded module 'gamelib'
Loaded module 'client'
Loaded module 'client_styles'
Locale 'pl' is missing 1 translations.
["Total Price:"] = "",
Locale 'pt' is missing 19 translations.
["Account Status:"] = "",
["Action:"] = "",
["Amount:"] = "",
["Balance:"] = "",
["Comment:"] = "",
["Don't stretch/shrink Game Window"] = "",
["Find:"] = "",
["Name:"] = "",
["Offer Type:"] = "",
["Piece Price:"] = "",
["Position:"] = "",
["Price:"] = "",
["Reason:"] = "",
["Search:"] = "",
["Statement:"] = "",
["Total Price:"] = "",
["Weight:"] = "",
["Your Capacity:"] = "",
["Your Money:"] = "",
Using configured locale: en
Loaded module 'client_locales'
Loaded module 'client_topmenu'
Loaded module 'client_background'
Loaded module 'client_options'
Loaded module 'client_entergame'
Loaded module 'client_terminal'
Loaded module 'client_modulemanager'
Loaded module 'client_serverlist'
Loaded module 'client_stats'
Loaded module 'game_interface'
Loaded module 'game_hotkeys'
Loaded module 'game_questlog'
Loaded module 'game_textmessage'
Loaded module 'game_console'
Loaded module 'game_outfit'
Loaded module 'game_healthinfo'
ERROR: failed to load UI from 'skills.otui': OTML error in '/game_skills/skills.otui' at line 189: indentation with tabs are not allowed
ERROR: Unable to load module 'game_skills': LUA ERROR:
/game_skills/skills.lua:33: attempt to index global 'skillsWindow' (a nil value)
stack traceback:
	[C]: in function '__index'
	/game_skills/skills.lua:33: in function 'init'
	/game_skills/skills.otmod:8:[@onLoad]:1: in main chunk
	[C]: in function 'ensureModuleLoaded'
	/init.lua:46: in main chunk
Loaded module 'game_inventory'
Loaded module 'game_combatcontrols'
Loaded module 'game_containers'
Loaded module 'game_viplist'
Loaded module 'game_battle'
Loaded module 'game_minimap'
Loaded module 'game_npctrade'
Loaded module 'game_textwindow'
Loaded module 'game_playertrade'
Loaded module 'game_bugreport'
Loaded module 'game_playerdeath'
Loaded module 'game_playermount'
Loaded module 'game_ruleviolation'
Loaded module 'game_market'
Loaded module 'game_spelllist'
Loaded module 'game_cooldown'
Loaded module 'game_modaldialog'
Loaded module 'addon_server'
Loaded module 'spacebar_attack'
Startup done :]
ERROR: protected lua call failed: LUA ERROR:
/game_skills/skills.lua:105: attempt to index global 'skillsWindow' (a nil value)
stack traceback:
	[C]: in function '__index'
	/game_skills/skills.lua:105: in function 'setSkillValue'
	/game_skills/skills.lua:309: in function 'onExperienceChange'
	/game_skills/skills.lua:226: in function </game_skills/skills.lua:219>
ERROR: protected lua call failed: LUA ERROR:
/game_skills/skills.lua:105: attempt to index global 'skillsWindow' (a nil value)
stack traceback:
	[C]: in function '__index'
	/game_skills/skills.lua:105: in function 'setSkillValue'
	/game_skills/skills.lua:397: in function </game_skills/skills.lua:396>
ERROR: protected lua call failed: LUA ERROR:
/game_skills/skills.lua:105: attempt to index global 'skillsWindow' (a nil value)
stack traceback:
	[C]: in function '__index'
	/game_skills/skills.lua:105: in function 'setSkillValue'
	/game_skills/skills.lua:333: in function </game_skills/skills.lua:332>
ERROR: protected lua call failed: LUA ERROR:
/game_skills/skills.lua:105: attempt to index global 'skillsWindow' (a nil value)
stack traceback:
	[C]: in function '__index'
	/game_skills/skills.lua:105: in function 'setSkillValue'
	/game_skills/skills.lua:347: in function </game_skills/skills.lua:346>
ERROR: protected lua call failed: LUA ERROR:
/game_skills/skills.lua:74: attempt to index global 'skillsWindow' (a nil value)
stack traceback:
	[C]: in function '__index'
	/game_skills/skills.lua:74: in function 'resetSkillColor'
	/game_skills/skills.lua:199: in function 'checkAlert'
	/game_skills/skills.lua:352: in function </game_skills/skills.lua:351>
ERROR: protected lua call failed: LUA ERROR:
/game_skills/skills.lua:105: attempt to index global 'skillsWindow' (a nil value)
stack traceback:
	[C]: in function '__index'
	/game_skills/skills.lua:105: in function 'setSkillValue'
	/game_skills/skills.lua:309: in function </game_skills/skills.lua:308>
ERROR: protected lua call failed: LUA ERROR:
/game_skills/skills.lua:105: attempt to index global 'skillsWindow' (a nil value)
stack traceback:
	[C]: in function '__index'
	/game_skills/skills.lua:105: in function 'setSkillValue'
	/game_skills/skills.lua:313: in function </game_skills/skills.lua:312>
ERROR: protected lua call failed: LUA ERROR:
/game_skills/skills.lua:105: attempt to index global 'skillsWindow' (a nil value)
stack traceback:
	[C]: in function '__index'
	/game_skills/skills.lua:105: in function 'setSkillValue'
	/game_skills/skills.lua:338: in function </game_skills/skills.lua:337>
ERROR: protected lua call failed: LUA ERROR:
/game_skills/skills.lua:105: attempt to index global 'skillsWindow' (a nil value)
stack traceback:
	[C]: in function '__index'
	/game_skills/skills.lua:105: in function 'setSkillValue'
	/game_skills/skills.lua:406: in function </game_skills/skills.lua:405>
ERROR: protected lua call failed: LUA ERROR:
/game_skills/skills.lua:88: attempt to index global 'skillsWindow' (a nil value)
stack traceback:
	[C]: in function '__index'
	/game_skills/skills.lua:88: in function 'setSkillBase'
	/game_skills/skills.lua:414: in function </game_skills/skills.lua:413>
ERROR: protected lua call failed: LUA ERROR:
/game_skills/skills.lua:105: attempt to index global 'skillsWindow' (a nil value)
stack traceback:
	[C]: in function '__index'
	/game_skills/skills.lua:105: in function 'setSkillValue'
	/game_skills/skills.lua:363: in function </game_skills/skills.lua:355>
ERROR: protected lua call failed: LUA ERROR:
/game_skills/skills.lua:105: attempt to index global 'skillsWindow' (a nil value)
stack traceback:
	[C]: in function '__index'
	/game_skills/skills.lua:105: in function 'setSkillValue'
	/game_skills/skills.lua:343: in function </game_skills/skills.lua:342>
ERROR: protected lua call failed: LUA ERROR:
/game_skills/skills.lua:88: attempt to index global 'skillsWindow' (a nil value)
stack traceback:
	[C]: in function '__index'
	/game_skills/skills.lua:88: in function 'setSkillBase'
	/game_skills/skills.lua:402: in function </game_skills/skills.lua:401>
ERROR: protected lua call failed: LUA ERROR:
/game_skills/skills.lua:105: attempt to index global 'skillsWindow' (a nil value)
stack traceback:
	[C]: in function '__index'
	/game_skills/skills.lua:105: in function 'setSkillValue'
	/game_skills/skills.lua:392: in function </game_skills/skills.lua:382>
ERROR: protected lua call failed: LUA ERROR:
/game_skills/skills.lua:105: attempt to index global 'skillsWindow' (a nil value)
stack traceback:
	[C]: in function '__index'
	/game_skills/skills.lua:105: in function 'setSkillValue'
	/game_skills/skills.lua:418: in function </game_skills/skills.lua:417>
ERROR: protected lua call failed: LUA ERROR:
/game_skills/skills.lua:88: attempt to index global 'skillsWindow' (a nil value)
stack traceback:
	[C]: in function '__index'
	/game_skills/skills.lua:88: in function 'setSkillBase'
	/game_skills/skills.lua:425: in function </game_skills/skills.lua:424>
ERROR: protected lua call failed: LUA ERROR:
/game_skills/skills.lua:105: attempt to index global 'skillsWindow' (a nil value)
stack traceback:
	[C]: in function '__index'
	/game_skills/skills.lua:105: in function 'setSkillValue'
	/game_skills/skills.lua:418: in function </game_skills/skills.lua:417>
ERROR: protected lua call failed: LUA ERROR:
/game_skills/skills.lua:88: attempt to index global 'skillsWindow' (a nil value)
stack traceback:
	[C]: in function '__index'
	/game_skills/skills.lua:88: in function 'setSkillBase'
	/game_skills/skills.lua:425: in function </game_skills/skills.lua:424>
ERROR: protected lua call failed: LUA ERROR:
/game_skills/skills.lua:105: attempt to index global 'skillsWindow' (a nil value)
stack traceback:
	[C]: in function '__index'
	/game_skills/skills.lua:105: in function 'setSkillValue'
	/game_skills/skills.lua:418: in function </game_skills/skills.lua:417>
ERROR: protected lua call failed: LUA ERROR:
/game_skills/skills.lua:88: attempt to index global 'skillsWindow' (a nil value)
stack traceback:
	[C]: in function '__index'
	/game_skills/skills.lua:88: in function 'setSkillBase'
	/game_skills/skills.lua:425: in function </game_skills/skills.lua:424>
ERROR: protected lua call failed: LUA ERROR:
/game_skills/skills.lua:105: attempt to index global 'skillsWindow' (a nil value)
stack traceback:
	[C]: in function '__index'
	/game_skills/skills.lua:105: in function 'setSkillValue'
	/game_skills/skills.lua:418: in function </game_skills/skills.lua:417>
ERROR: protected lua call failed: LUA ERROR:
/game_skills/skills.lua:88: attempt to index global 'skillsWindow' (a nil value)
stack traceback:
	[C]: in function '__index'
	/game_skills/skills.lua:88: in function 'setSkillBase'
	/game_skills/skills.lua:425: in function </game_skills/skills.lua:424>
ERROR: protected lua call failed: LUA ERROR:
/game_skills/skills.lua:105: attempt to index global 'skillsWindow' (a nil value)
stack traceback:
	[C]: in function '__index'
	/game_skills/skills.lua:105: in function 'setSkillValue'
	/game_skills/skills.lua:418: in function </game_skills/skills.lua:417>
ERROR: protected lua call failed: LUA ERROR:
/game_skills/skills.lua:88: attempt to index global 'skillsWindow' (a nil value)
stack traceback:
	[C]: in function '__index'
	/game_skills/skills.lua:88: in function 'setSkillBase'
	/game_skills/skills.lua:425: in function </game_skills/skills.lua:424>
ERROR: protected lua call failed: LUA ERROR:
/game_skills/skills.lua:105: attempt to index global 'skillsWindow' (a nil value)
stack traceback:
	[C]: in function '__index'
	/game_skills/skills.lua:105: in function 'setSkillValue'
	/game_skills/skills.lua:418: in function </game_skills/skills.lua:417>
ERROR: protected lua call failed: LUA ERROR:
/game_skills/skills.lua:88: attempt to index global 'skillsWindow' (a nil value)
stack traceback:
	[C]: in function '__index'
	/game_skills/skills.lua:88: in function 'setSkillBase'
	/game_skills/skills.lua:425: in function </game_skills/skills.lua:424>
ERROR: protected lua call failed: LUA ERROR:
/game_skills/skills.lua:105: attempt to index global 'skillsWindow' (a nil value)
stack traceback:
	[C]: in function '__index'
	/game_skills/skills.lua:105: in function 'setSkillValue'
	/game_skills/skills.lua:418: in function </game_skills/skills.lua:417>
ERROR: protected lua call failed: LUA ERROR:
/game_skills/skills.lua:88: attempt to index global 'skillsWindow' (a nil value)
stack traceback:
	[C]: in function '__index'
	/game_skills/skills.lua:88: in function 'setSkillBase'
	/game_skills/skills.lua:425: in function </game_skills/skills.lua:424>
ERROR: protected lua call failed: LUA ERROR:
/game_skills/skills.lua:105: attempt to index global 'skillsWindow' (a nil value)
stack traceback:
	[C]: in function '__index'
	/game_skills/skills.lua:105: in function 'setSkillValue'
	/game_skills/skills.lua:418: in function </game_skills/skills.lua:417>
ERROR: protected lua call failed: LUA ERROR:
/game_skills/skills.lua:105: attempt to index global 'skillsWindow' (a nil value)
stack traceback:
	[C]: in function '__index'
	/game_skills/skills.lua:105: in function 'setSkillValue'
	/game_skills/skills.lua:426: in function </game_skills/skills.lua:424>
ERROR: protected lua call failed: LUA ERROR:
/game_skills/skills.lua:105: attempt to index global 'skillsWindow' (a nil value)
stack traceback:
	[C]: in function '__index'
	/game_skills/skills.lua:105: in function 'setSkillValue'
	/game_skills/skills.lua:418: in function </game_skills/skills.lua:417>
ERROR: protected lua call failed: LUA ERROR:
/game_skills/skills.lua:105: attempt to index global 'skillsWindow' (a nil value)
stack traceback:
	[C]: in function '__index'
	/game_skills/skills.lua:105: in function 'setSkillValue'
	/game_skills/skills.lua:426: in function </game_skills/skills.lua:424>
ERROR: protected lua call failed: LUA ERROR:
/game_skills/skills.lua:105: attempt to index global 'skillsWindow' (a nil value)
stack traceback:
	[C]: in function '__index'
	/game_skills/skills.lua:105: in function 'setSkillValue'
	/game_skills/skills.lua:418: in function </game_skills/skills.lua:417>
ERROR: protected lua call failed: LUA ERROR:
/game_skills/skills.lua:105: attempt to index global 'skillsWindow' (a nil value)
stack traceback:
	[C]: in function '__index'
	/game_skills/skills.lua:105: in function 'setSkillValue'
	/game_skills/skills.lua:426: in function </game_skills/skills.lua:424>
ERROR: protected lua call failed: LUA ERROR:
/game_skills/skills.lua:105: attempt to index global 'skillsWindow' (a nil value)
stack traceback:
	[C]: in function '__index'
	/game_skills/skills.lua:105: in function 'setSkillValue'
	/game_skills/skills.lua:418: in function </game_skills/skills.lua:417>
ERROR: protected lua call failed: LUA ERROR:
/game_skills/skills.lua:105: attempt to index global 'skillsWindow' (a nil value)
stack traceback:
	[C]: in function '__index'
	/game_skills/skills.lua:105: in function 'setSkillValue'
	/game_skills/skills.lua:426: in function </game_skills/skills.lua:424>
ERROR: protected lua call failed: LUA ERROR:
/game_skills/skills.lua:105: attempt to index global 'skillsWindow' (a nil value)
stack traceback:
	[C]: in function '__index'
	/game_skills/skills.lua:105: in function 'setSkillValue'
	/game_skills/skills.lua:418: in function </game_skills/skills.lua:417>
ERROR: protected lua call failed: LUA ERROR:
/game_skills/skills.lua:105: attempt to index global 'skillsWindow' (a nil value)
stack traceback:
	[C]: in function '__index'
	/game_skills/skills.lua:105: in function 'setSkillValue'
	/game_skills/skills.lua:426: in function </game_skills/skills.lua:424>
ERROR: protected lua call failed: LUA ERROR:
/game_skills/skills.lua:105: attempt to index global 'skillsWindow' (a nil value)
stack traceback:
	[C]: in function '__index'
	/game_skills/skills.lua:105: in function 'setSkillValue'
	/game_skills/skills.lua:418: in function </game_skills/skills.lua:417>
ERROR: protected lua call failed: LUA ERROR:
/game_skills/skills.lua:105: attempt to index global 'skillsWindow' (a nil value)
stack traceback:
	[C]: in function '__index'
	/game_skills/skills.lua:105: in function 'setSkillValue'
	/game_skills/skills.lua:426: in function </game_skills/skills.lua:424>
ERROR: protected lua call failed: LUA ERROR:
/game_skills/skills.lua:105: attempt to index global 'skillsWindow' (a nil value)
stack traceback:
	[C]: in function '__index'
	/game_skills/skills.lua:105: in function 'setSkillValue'
	/game_skills/skills.lua:397: in function </game_skills/skills.lua:396>
Exiting application..
ERROR: Unable to unload module 'client_modulemanager': LUA ERROR:
/client_modulemanager/modulemanager.lua:26: attempt to index upvalue 'moduleManagerButton' (a nil value)
stack traceback:
	[C]: in function '__index'
	/client_modulemanager/modulemanager.lua:26: in function 'terminate'
	/client_modulemanager/modulemanager.otmod:10:[@onUnload]:1: in main chunk
== application started at Feb 14 2019 23:05:33
OTClient 0.6.3 rev 0 (devel) built on Feb 14 2019 for arch x86
Loaded module 'corelib'
Loaded module 'game_things'
/gamelib/
Loaded module 'gamelib'
Loaded module 'client'
Loaded module 'client_styles'
Locale 'pl' is missing 1 translations.
["Total Price:"] = "",
Locale 'pt' is missing 19 translations.
["Account Status:"] = "",
["Action:"] = "",
["Amount:"] = "",
["Balance:"] = "",
["Comment:"] = "",
["Don't stretch/shrink Game Window"] = "",
["Find:"] = "",
["Name:"] = "",
["Offer Type:"] = "",
["Piece Price:"] = "",
["Position:"] = "",
["Price:"] = "",
["Reason:"] = "",
["Search:"] = "",
["Statement:"] = "",
["Total Price:"] = "",
["Weight:"] = "",
["Your Capacity:"] = "",
["Your Money:"] = "",
Using configured locale: en
Loaded module 'client_locales'
Loaded module 'client_topmenu'
Loaded module 'client_background'
Loaded module 'client_options'
Loaded module 'client_entergame'
Loaded module 'client_terminal'
Loaded module 'client_modulemanager'
Loaded module 'client_serverlist'
Loaded module 'client_stats'
Loaded module 'game_interface'
Loaded module 'game_hotkeys'
Loaded module 'game_questlog'
Loaded module 'game_textmessage'
Loaded module 'game_console'
Loaded module 'game_outfit'
Loaded module 'game_healthinfo'
Loaded module 'game_skills'
Loaded module 'game_inventory'
Loaded module 'game_combatcontrols'
Loaded module 'game_containers'
Loaded module 'game_viplist'
Loaded module 'game_battle'
Loaded module 'game_minimap'
Loaded module 'game_npctrade'
Loaded module 'game_textwindow'
Loaded module 'game_playertrade'
Loaded module 'game_bugreport'
Loaded module 'game_playerdeath'
Loaded module 'game_playermount'
Loaded module 'game_ruleviolation'
Loaded module 'game_market'
Loaded module 'game_spelllist'
Loaded module 'game_cooldown'
Loaded module 'game_modaldialog'
Loaded module 'addon_server'
Loaded module 'spacebar_attack'
Startup done :]
Exiting application..
ERROR: Unable to unload module 'client_modulemanager': LUA ERROR:
/client_modulemanager/modulemanager.lua:26: attempt to index upvalue 'moduleManagerButton' (a nil value)
stack traceback:
	[C]: in function '__index'
	/client_modulemanager/modulemanager.lua:26: in function 'terminate'
	/client_modulemanager/modulemanager.otmod:10:[@onUnload]:1: in main chunk
== application started at Feb 14 2019 23:06:10
OTClient 0.6.3 rev 0 (devel) built on Feb 14 2019 for arch x86
Loaded module 'corelib'
Loaded module 'game_things'
/gamelib/
Loaded module 'gamelib'
Loaded module 'client'
Loaded module 'client_styles'
Locale 'pl' is missing 1 translations.
["Total Price:"] = "",
Locale 'pt' is missing 19 translations.
["Account Status:"] = "",
["Action:"] = "",
["Amount:"] = "",
["Balance:"] = "",
["Comment:"] = "",
["Don't stretch/shrink Game Window"] = "",
["Find:"] = "",
["Name:"] = "",
["Offer Type:"] = "",
["Piece Price:"] = "",
["Position:"] = "",
["Price:"] = "",
["Reason:"] = "",
["Search:"] = "",
["Statement:"] = "",
["Total Price:"] = "",
["Weight:"] = "",
["Your Capacity:"] = "",
["Your Money:"] = "",
Using configured locale: en
Loaded module 'client_locales'
Loaded module 'client_topmenu'
Loaded module 'client_background'
Loaded module 'client_options'
Loaded module 'client_entergame'
Loaded module 'client_terminal'
Loaded module 'client_modulemanager'
Loaded module 'client_serverlist'
Loaded module 'client_stats'
Loaded module 'game_interface'
Loaded module 'game_hotkeys'
Loaded module 'game_questlog'
Loaded module 'game_textmessage'
Loaded module 'game_console'
Loaded module 'game_outfit'
Loaded module 'game_healthinfo'
Loaded module 'game_skills'
Loaded module 'game_inventory'
Loaded module 'game_combatcontrols'
Loaded module 'game_containers'
Loaded module 'game_viplist'
Loaded module 'game_battle'
Loaded module 'game_minimap'
Loaded module 'game_npctrade'
Loaded module 'game_textwindow'
Loaded module 'game_playertrade'
Loaded module 'game_bugreport'
Loaded module 'game_playerdeath'
Loaded module 'game_playermount'
Loaded module 'game_ruleviolation'
Loaded module 'game_market'
Loaded module 'game_spelllist'
Loaded module 'game_cooldown'
Loaded module 'game_modaldialog'
Loaded module 'addon_server'
Loaded module 'spacebar_attack'
Startup done :]
Exiting application..
ERROR: Unable to unload module 'client_modulemanager': LUA ERROR:
/client_modulemanager/modulemanager.lua:26: attempt to index upvalue 'moduleManagerButton' (a nil value)
stack traceback:
	[C]: in function '__index'
	/client_modulemanager/modulemanager.lua:26: in function 'terminate'
	/client_modulemanager/modulemanager.otmod:10:[@onUnload]:1: in main chunk
== application started at Feb 14 2019 23:12:00
OTClient 0.6.3 rev 0 (devel) built on Feb 14 2019 for arch x86
Loaded module 'corelib'
Loaded module 'game_things'
/gamelib/
Loaded module 'gamelib'
Loaded module 'client'
Loaded module 'client_styles'
Locale 'pl' is missing 1 translations.
["Total Price:"] = "",
Locale 'pt' is missing 19 translations.
["Account Status:"] = "",
["Action:"] = "",
["Amount:"] = "",
["Balance:"] = "",
["Comment:"] = "",
["Don't stretch/shrink Game Window"] = "",
["Find:"] = "",
["Name:"] = "",
["Offer Type:"] = "",
["Piece Price:"] = "",
["Position:"] = "",
["Price:"] = "",
["Reason:"] = "",
["Search:"] = "",
["Statement:"] = "",
["Total Price:"] = "",
["Weight:"] = "",
["Your Capacity:"] = "",
["Your Money:"] = "",
Using configured locale: en
Loaded module 'client_locales'
Loaded module 'client_topmenu'
Loaded module 'client_background'
Loaded module 'client_options'
Loaded module 'client_entergame'
Loaded module 'client_terminal'
Loaded module 'client_modulemanager'
Loaded module 'client_serverlist'
Loaded module 'client_stats'
Loaded module 'game_interface'
Loaded module 'game_hotkeys'
Loaded module 'game_questlog'
Loaded module 'game_textmessage'
Loaded module 'game_console'
Loaded module 'game_outfit'
Loaded module 'game_healthinfo'
Loaded module 'game_skills'
Loaded module 'game_inventory'
Loaded module 'game_combatcontrols'
Loaded module 'game_containers'
Loaded module 'game_viplist'
Loaded module 'game_battle'
Loaded module 'game_minimap'
Loaded module 'game_npctrade'
Loaded module 'game_textwindow'
Loaded module 'game_playertrade'
Loaded module 'game_bugreport'
Loaded module 'game_playerdeath'
Loaded module 'game_playermount'
Loaded module 'game_ruleviolation'
Loaded module 'game_market'
Loaded module 'game_spelllist'
Loaded module 'game_cooldown'
Loaded module 'game_modaldialog'
Loaded module 'addon_server'
Loaded module 'spacebar_attack'
Startup done :]
Exiting application..
ERROR: Unable to unload module 'client_modulemanager': LUA ERROR:
/client_modulemanager/modulemanager.lua:26: attempt to index upvalue 'moduleManagerButton' (a nil value)
stack traceback:
	[C]: in function '__index'
	/client_modulemanager/modulemanager.lua:26: in function 'terminate'
	/client_modulemanager/modulemanager.otmod:10:[@onUnload]:1: in main chunk
