Performing C++ SOURCE FILE Test COMPILER_KNOWS_STDLIB failed with the following output:
Change Dir: /home/gustavocontreiras/TheForgottenTibia/Server/build/CMakeFiles/CMakeTmp

Run Build Command:"/usr/bin/make" "cmTC_8c1ff/fast"
/usr/bin/make -f CMakeFiles/cmTC_8c1ff.dir/build.make CMakeFiles/cmTC_8c1ff.dir/build
make[1]: Entering directory '/home/gustavocontreiras/TheForgottenTibia/Server/build/CMakeFiles/CMakeTmp'
Building CXX object CMakeFiles/cmTC_8c1ff.dir/src.cxx.o
/usr/bin/c++    -DCOMPILER_KNOWS_STDLIB   -stdlib=libc++ -o CMakeFiles/cmTC_8c1ff.dir/src.cxx.o -c /home/gustavocontreiras/TheForgottenTibia/Server/build/CMakeFiles/CMakeTmp/src.cxx
c++: error: unrecognized command line option '-stdlib=libc++'
CMakeFiles/cmTC_8c1ff.dir/build.make:65: recipe for target 'CMakeFiles/cmTC_8c1ff.dir/src.cxx.o' failed
make[1]: *** [CMakeFiles/cmTC_8c1ff.dir/src.cxx.o] Error 1
make[1]: Leaving directory '/home/gustavocontreiras/TheForgottenTibia/Server/build/CMakeFiles/CMakeTmp'
Makefile:126: recipe for target 'cmTC_8c1ff/fast' failed
make: *** [cmTC_8c1ff/fast] Error 2

Source file was:
int main() { return 0; }
Determining if the pthread_create exist failed with the following output:
Change Dir: /home/gustavocontreiras/TheForgottenTibia/Server/build/CMakeFiles/CMakeTmp

Run Build Command:"/usr/bin/make" "cmTC_84f4c/fast"
/usr/bin/make -f CMakeFiles/cmTC_84f4c.dir/build.make CMakeFiles/cmTC_84f4c.dir/build
make[1]: Entering directory '/home/gustavocontreiras/TheForgottenTibia/Server/build/CMakeFiles/CMakeTmp'
Building C object CMakeFiles/cmTC_84f4c.dir/CheckSymbolExists.c.o
/usr/bin/cc    -o CMakeFiles/cmTC_84f4c.dir/CheckSymbolExists.c.o   -c /home/gustavocontreiras/TheForgottenTibia/Server/build/CMakeFiles/CMakeTmp/CheckSymbolExists.c
Linking C executable cmTC_84f4c
/usr/bin/cmake -E cmake_link_script CMakeFiles/cmTC_84f4c.dir/link.txt --verbose=1
/usr/bin/cc      -rdynamic CMakeFiles/cmTC_84f4c.dir/CheckSymbolExists.c.o  -o cmTC_84f4c 
CMakeFiles/cmTC_84f4c.dir/CheckSymbolExists.c.o: In function `main':
CheckSymbolExists.c:(.text+0x1b): undefined reference to `pthread_create'
collect2: error: ld returned 1 exit status
CMakeFiles/cmTC_84f4c.dir/build.make:97: recipe for target 'cmTC_84f4c' failed
make[1]: *** [cmTC_84f4c] Error 1
make[1]: Leaving directory '/home/gustavocontreiras/TheForgottenTibia/Server/build/CMakeFiles/CMakeTmp'
Makefile:126: recipe for target 'cmTC_84f4c/fast' failed
make: *** [cmTC_84f4c/fast] Error 2

File /home/gustavocontreiras/TheForgottenTibia/Server/build/CMakeFiles/CMakeTmp/CheckSymbolExists.c:
/* */
#include <pthread.h>

int main(int argc, char** argv)
{
  (void)argv;
#ifndef pthread_create
  return ((int*)(&pthread_create))[argc];
#else
  (void)argc;
  return 0;
#endif
}

Determining if the function pthread_create exists in the pthreads failed with the following output:
Change Dir: /home/gustavocontreiras/TheForgottenTibia/Server/build/CMakeFiles/CMakeTmp

Run Build Command:"/usr/bin/make" "cmTC_6edf0/fast"
/usr/bin/make -f CMakeFiles/cmTC_6edf0.dir/build.make CMakeFiles/cmTC_6edf0.dir/build
make[1]: Entering directory '/home/gustavocontreiras/TheForgottenTibia/Server/build/CMakeFiles/CMakeTmp'
Building C object CMakeFiles/cmTC_6edf0.dir/CheckFunctionExists.c.o
/usr/bin/cc   -DCHECK_FUNCTION_EXISTS=pthread_create   -o CMakeFiles/cmTC_6edf0.dir/CheckFunctionExists.c.o   -c /usr/share/cmake-3.10/Modules/CheckFunctionExists.c
Linking C executable cmTC_6edf0
/usr/bin/cmake -E cmake_link_script CMakeFiles/cmTC_6edf0.dir/link.txt --verbose=1
/usr/bin/cc  -DCHECK_FUNCTION_EXISTS=pthread_create    -rdynamic CMakeFiles/cmTC_6edf0.dir/CheckFunctionExists.c.o  -o cmTC_6edf0 -lpthreads 
/usr/bin/ld: cannot find -lpthreads
collect2: error: ld returned 1 exit status
CMakeFiles/cmTC_6edf0.dir/build.make:97: recipe for target 'cmTC_6edf0' failed
make[1]: *** [cmTC_6edf0] Error 1
make[1]: Leaving directory '/home/gustavocontreiras/TheForgottenTibia/Server/build/CMakeFiles/CMakeTmp'
Makefile:126: recipe for target 'cmTC_6edf0/fast' failed
make: *** [cmTC_6edf0/fast] Error 2


